2018-12-24 16:04:02.663  INFO 27576 --- [main] c.couriergrid.CourierGridJobApplication  : Starting CourierGridJobApplication on supun-new with PID 27576 (E:\Projects\springboot\course-management\courierGrid-job\target\classes started by supun in E:\Projects\springboot\course-management\courierGrid-job)
2018-12-24 16:04:02.668  INFO 27576 --- [main] c.couriergrid.CourierGridJobApplication  : No active profile set, falling back to default profiles: default
2018-12-24 16:04:03.766  INFO 27576 --- [main] .s.d.r.c.RepositoryConfigurationDelegate : Bootstrapping Spring Data repositories in DEFAULT mode.
2018-12-24 16:04:03.797 DEBUG 27576 --- [main] .s.d.r.c.RepositoryConfigurationDelegate : Scanning for repositories in packages com.couriergrid.
2018-12-24 16:04:03.815 DEBUG 27576 --- [main] o.s.d.r.c.RepositoryComponentProvider    : Identified candidate component class: file [E:\Projects\springboot\course-management\courierGrid-job\target\classes\com\couriergrid\job\JobRepository.class]
2018-12-24 16:04:03.917  INFO 27576 --- [main] .s.d.r.c.RepositoryConfigurationDelegate : Finished Spring Data repository scanning in 118ms. Found 1 repository interfaces.
2018-12-24 16:04:06.694  INFO 27576 --- [main] o.s.b.w.embedded.tomcat.TomcatWebServer  : Tomcat initialized with port(s): 8080 (http)
2018-12-24 16:04:06.807  INFO 27576 --- [main] o.apache.catalina.core.StandardService   : Starting service [Tomcat]
2018-12-24 16:04:06.808  INFO 27576 --- [main] org.apache.catalina.core.StandardEngine  : Starting Servlet Engine: Apache Tomcat/9.0.13
2018-12-24 16:04:06.824  INFO 27576 --- [main] o.a.catalina.core.AprLifecycleListener   : The APR based Apache Tomcat Native library which allows optimal performance in production environments was not found on the java.library.path: [C:\Program Files\Java\jre1.8.0_181\bin;C:\WINDOWS\Sun\Java\bin;C:\WINDOWS\system32;C:\WINDOWS;C:/Program Files/Java/jre1.8.0_181/bin/server;C:/Program Files/Java/jre1.8.0_181/bin;C:/Program Files/Java/jre1.8.0_181/lib/amd64;C:\Program Files (x86)\Common Files\Oracle\Java\javapath;C:\Program Files\Docker\Docker\Resources\bin;C:\Program Files (x86)\Intel\Intel(R) Management Engine Components\iCLS\;C:\Program Files\Intel\Intel(R) Management Engine Components\iCLS\;C:\WINDOWS\system32;C:\WINDOWS;C:\WINDOWS\System32\Wbem;C:\WINDOWS\System32\WindowsPowerShell\v1.0\;C:\Program Files\Intel\WiFi\bin\;C:\Program Files\Common Files\Intel\WirelessCommon\;D:\java\java8\bin\;E:\tools\maven-1.0.2\bin;E:\tools\apache-maven-3.5.4\bin;D:\tools\cvs-1-11-17\;E:\tools\wildfly_12\bin\;C:\WINDOWS\System32\OpenSSH\;D:\nodejs\;C:\Program Files\heroku\bin;D:\mongoDB\mongodb\bin;C:\Program Files (x86)\Intel\Intel(R) Management Engine Components\DAL;C:\Program Files\Intel\Intel(R) Management Engine Components\DAL;C:\Program Files (x86)\Intel\Intel(R) Management Engine Components\IPT;C:\Program Files\Intel\Intel(R) Management Engine Components\IPT;C:\Program Files\Microsoft VS Code\bin;E:\tools\Git\bin;C:\Users\supun\AppData\Local\Microsoft\WindowsApps;C:\Users\supun\AppData\Roaming\npm;C:\Users\supun\AppData\Local\atom\bin;C:\Users\supun\AppData\Local\Microsoft\WindowsApps;;E:\tools\sts-bundle\sts-3.9.6.RELEASE;;.]
2018-12-24 16:04:07.010  INFO 27576 --- [main] o.a.c.c.C.[Tomcat].[localhost].[/]       : Initializing Spring embedded WebApplicationContext
2018-12-24 16:04:07.011  INFO 27576 --- [main] o.s.web.context.ContextLoader            : Root WebApplicationContext: initialization completed in 4285 ms
2018-12-24 16:04:10.810  INFO 27576 --- [main] org.mongodb.driver.cluster               : Cluster created with settings {hosts=[localhost:27017], mode=MULTIPLE, requiredClusterType=UNKNOWN, serverSelectionTimeout='30000 ms', maxWaitQueueSize=500}
2018-12-24 16:04:10.811  INFO 27576 --- [main] org.mongodb.driver.cluster               : Adding discovered server localhost:27017 to client view of cluster
2018-12-24 16:04:11.311 DEBUG 27576 --- [main] .m.c.i.MongoPersistentEntityIndexCreator : Analyzing class class com.couriergrid.job.Job for index information.
2018-12-24 16:04:11.326 DEBUG 27576 --- [main] .m.c.i.MongoPersistentEntityIndexCreator : Analyzing class class com.couriergrid.job.Job$Size for index information.
2018-12-24 16:04:11.326 DEBUG 27576 --- [main] .m.c.i.MongoPersistentEntityIndexCreator : Analyzing class class com.couriergrid.job.Job$Sender for index information.
2018-12-24 16:04:11.327 DEBUG 27576 --- [main] .m.c.i.MongoPersistentEntityIndexCreator : Analyzing class class com.couriergrid.job.Job$CourierInfo for index information.
2018-12-24 16:04:11.327 DEBUG 27576 --- [main] .m.c.i.MongoPersistentEntityIndexCreator : Analyzing class class com.couriergrid.job.Job$Delivery for index information.
2018-12-24 16:04:11.327 DEBUG 27576 --- [main] .m.c.i.MongoPersistentEntityIndexCreator : Analyzing class class com.couriergrid.job.Job$Receiver for index information.
2018-12-24 16:04:11.379 DEBUG 27576 --- [main] o.s.d.r.c.s.RepositoryFactorySupport     : Initializing repository instance for com.couriergrid.job.JobRepository…
2018-12-24 16:04:11.466 DEBUG 27576 --- [main] o.s.d.r.c.s.RepositoryFactorySupport     : Finished creation of repository instance for com.couriergrid.job.JobRepository.
2018-12-24 16:04:11.821  INFO 27576 --- [main] o.s.s.concurrent.ThreadPoolTaskExecutor  : Initializing ExecutorService 'applicationTaskExecutor'
2018-12-24 16:04:11.914  INFO 27576 --- [cluster-ClusterId{value='5c20b6221ccf136bb8c3c737', description='null'}-localhost:27017] org.mongodb.driver.cluster               : Exception in monitor thread while connecting to server localhost:27017

com.mongodb.MongoSocketOpenException: Exception opening socket
	at com.mongodb.internal.connection.SocketStream.open(SocketStream.java:67) ~[mongodb-driver-core-3.8.2.jar:na]
	at com.mongodb.internal.connection.InternalStreamConnection.open(InternalStreamConnection.java:126) ~[mongodb-driver-core-3.8.2.jar:na]
	at com.mongodb.internal.connection.DefaultServerMonitor$ServerMonitorRunnable.run(DefaultServerMonitor.java:117) ~[mongodb-driver-core-3.8.2.jar:na]
	at java.lang.Thread.run(Unknown Source) [na:1.8.0_181]
Caused by: java.net.ConnectException: Connection refused: connect
	at java.net.DualStackPlainSocketImpl.waitForConnect(Native Method) ~[na:1.8.0_181]
	at java.net.DualStackPlainSocketImpl.socketConnect(Unknown Source) ~[na:1.8.0_181]
	at java.net.AbstractPlainSocketImpl.doConnect(Unknown Source) ~[na:1.8.0_181]
	at java.net.AbstractPlainSocketImpl.connectToAddress(Unknown Source) ~[na:1.8.0_181]
	at java.net.AbstractPlainSocketImpl.connect(Unknown Source) ~[na:1.8.0_181]
	at java.net.PlainSocketImpl.connect(Unknown Source) ~[na:1.8.0_181]
	at java.net.SocksSocketImpl.connect(Unknown Source) ~[na:1.8.0_181]
	at java.net.Socket.connect(Unknown Source) ~[na:1.8.0_181]
	at com.mongodb.internal.connection.SocketStreamHelper.initialize(SocketStreamHelper.java:64) ~[mongodb-driver-core-3.8.2.jar:na]
	at com.mongodb.internal.connection.SocketStream.open(SocketStream.java:62) ~[mongodb-driver-core-3.8.2.jar:na]
	... 3 common frames omitted

2018-12-24 16:04:12.284  INFO 27576 --- [main] o.s.b.w.embedded.tomcat.TomcatWebServer  : Tomcat started on port(s): 8080 (http) with context path ''
2018-12-24 16:04:12.290  INFO 27576 --- [main] c.couriergrid.CourierGridJobApplication  : Started CourierGridJobApplication in 10.186 seconds (JVM running for 10.762)
